<?xml version="1.0" encoding="UTF-8"?>
<!-- Generated by org.testng.reporters.JUnitXMLReporter -->
<testsuite ignored="0" hostname="Rameshwar" failures="0" tests="5" name="Default test" time="8.941" errors="0" timestamp="31 Oct 2024 09:19:22 GMT">
  <testcase classname="OrangeHRMTests.Login" name="verifyLoginBtnIsDisplayed" time="0.074"/>
  <testcase classname="OrangeHRMTests.Login" name="verifyRegisterBtnIsDisplayed" time="0.051"/>
  <testcase classname="OrangeHRMTests.Login" name="verifyUserAbleToLoginWithValidCred" time="0.7"/>
  <testcase classname="OrangeHRMTests.Login" name="verifyUserUnableToLoginWithInvalidEmail" time="0.983"/>
  <testcase classname="OrangeHRMTests.Login" name="verifyUserUnableToLoginWithInvalidPassword" time="0.21"/>
</testsuite> <!-- Default test -->
