<?xml version="1.0" encoding="UTF-8"?>
<!-- Generated by org.testng.reporters.JUnitXMLReporter -->
<testsuite ignored="0" hostname="Rameshwar" failures="0" tests="5" name="Test" time="8.095" errors="0" timestamp="31 Oct 2024 16:37:24 GMT">
  <testcase classname="OrangeHRMTests.Login" name="verifyLoginBtnIsDisplayed" time="0.124"/>
  <testcase classname="OrangeHRMTests.Login" name="verifyRegisterBtnIsDisplayed" time="0.042"/>
  <testcase classname="OrangeHRMTests.Login" name="verifyUserAbleToLoginWithValidCred" time="0.744"/>
  <testcase classname="OrangeHRMTests.Login" name="verifyUserUnableToLoginWithInvalidEmail" time="0.563"/>
  <testcase classname="OrangeHRMTests.Login" name="verifyUserUnableToLoginWithInvalidPassword" time="0.304"/>
</testsuite> <!-- Test -->
