<?xml version="1.0" encoding="UTF-8"?>
<testng-results ignored="0" total="1" passed="1" failed="0" skipped="0">
  <reporter-output>
  </reporter-output>
  <suite started-at="2024-10-26T14:23:53Z" name="Suite" finished-at="2024-10-26T14:24:04Z" duration-ms="10684">
    <groups>
    </groups>
    <test started-at="2024-10-26T14:23:53Z" name="Test" finished-at="2024-10-26T14:24:04Z" duration-ms="10684">
      <class name="OrangeHRM.OrangeHRM.Login">
        <test-method is-config="true" signature="openBrowser()[pri:0, instance:OrangeHRM.OrangeHRM.Login@795509d9]" started-at="2024-10-26T14:23:53Z" name="openBrowser" finished-at="2024-10-26T14:23:57Z" duration-ms="3992" status="PASS">
          <reporter-output>
          </reporter-output>
        </test-method> <!-- openBrowser -->
        <test-method signature="loginToHomePage()[pri:0, instance:OrangeHRM.OrangeHRM.Login@795509d9]" started-at="2024-10-26T14:23:57Z" name="loginToHomePage" finished-at="2024-10-26T14:24:04Z" duration-ms="6500" status="PASS">
          <reporter-output>
          </reporter-output>
        </test-method> <!-- loginToHomePage -->
        <test-method is-config="true" signature="closebrowser()[pri:0, instance:OrangeHRM.OrangeHRM.Login@795509d9]" started-at="2024-10-26T14:24:04Z" name="closebrowser" finished-at="2024-10-26T14:24:04Z" duration-ms="160" status="PASS">
          <reporter-output>
          </reporter-output>
        </test-method> <!-- closebrowser -->
      </class> <!-- OrangeHRM.OrangeHRM.Login -->
    </test> <!-- Test -->
  </suite> <!-- Suite -->
</testng-results>
