<?xml version="1.0" encoding="UTF-8"?>
<testng-results ignored="0" total="1" passed="1" failed="0" skipped="0">
  <reporter-output>
  </reporter-output>
  <suite started-at="2024-10-26T14:20:45Z" name="Default suite" finished-at="2024-10-26T14:20:55Z" duration-ms="9921">
    <groups>
    </groups>
    <test started-at="2024-10-26T14:20:45Z" name="Default test" finished-at="2024-10-26T14:20:55Z" duration-ms="9921">
      <class name="OrangeHRM.OrangeHRM.Login">
        <test-method is-config="true" signature="openBrowser()[pri:0, instance:OrangeHRM.OrangeHRM.Login@3403e2ac]" started-at="2024-10-26T14:20:45Z" name="openBrowser" finished-at="2024-10-26T14:20:52Z" duration-ms="6765" status="PASS">
          <reporter-output>
          </reporter-output>
        </test-method> <!-- openBrowser -->
        <test-method signature="enterUsernameAndPassword()[pri:0, instance:OrangeHRM.OrangeHRM.Login@3403e2ac]" started-at="2024-10-26T14:20:52Z" name="enterUsernameAndPassword" finished-at="2024-10-26T14:20:55Z" duration-ms="2947" status="PASS">
          <reporter-output>
          </reporter-output>
        </test-method> <!-- enterUsernameAndPassword -->
        <test-method is-config="true" signature="closebrowser()[pri:0, instance:OrangeHRM.OrangeHRM.Login@3403e2ac]" started-at="2024-10-26T14:20:55Z" name="closebrowser" finished-at="2024-10-26T14:20:55Z" duration-ms="189" status="PASS">
          <reporter-output>
          </reporter-output>
        </test-method> <!-- closebrowser -->
      </class> <!-- OrangeHRM.OrangeHRM.Login -->
    </test> <!-- Default test -->
  </suite> <!-- Default suite -->
</testng-results>
