<?xml version="1.0" encoding="UTF-8"?>
<testng-results ignored="0" total="5" passed="5" failed="0" skipped="0">
  <reporter-output>
  </reporter-output>
  <suite started-at="2024-10-31T16:37:16Z" name="Suite" finished-at="2024-10-31T16:37:24Z" duration-ms="8095">
    <groups>
    </groups>
    <test started-at="2024-10-31T16:37:16Z" name="Test" finished-at="2024-10-31T16:37:24Z" duration-ms="8095">
      <class name="OrangeHRMTests.Login">
        <test-method is-config="true" signature="LaunchApplication()[pri:0, instance:OrangeHRMTests.Login@3a62c01e]" started-at="2024-10-31T16:37:16Z" name="LaunchApplication" finished-at="2024-10-31T16:37:22Z" duration-ms="6103" status="PASS">
          <reporter-output>
          </reporter-output>
        </test-method> <!-- LaunchApplication -->
        <test-method signature="verifyLoginBtnIsDisplayed()[pri:1, instance:OrangeHRMTests.Login@3a62c01e]" started-at="2024-10-31T16:37:22Z" name="verifyLoginBtnIsDisplayed" finished-at="2024-10-31T16:37:22Z" duration-ms="124" status="PASS">
          <reporter-output>
          </reporter-output>
        </test-method> <!-- verifyLoginBtnIsDisplayed -->
        <test-method signature="verifyRegisterBtnIsDisplayed()[pri:2, instance:OrangeHRMTests.Login@3a62c01e]" started-at="2024-10-31T16:37:22Z" name="verifyRegisterBtnIsDisplayed" finished-at="2024-10-31T16:37:22Z" duration-ms="42" status="PASS">
          <reporter-output>
          </reporter-output>
        </test-method> <!-- verifyRegisterBtnIsDisplayed -->
        <test-method signature="verifyUserAbleToLoginWithValidCred()[pri:3, instance:OrangeHRMTests.Login@3a62c01e]" started-at="2024-10-31T16:37:22Z" name="verifyUserAbleToLoginWithValidCred" finished-at="2024-10-31T16:37:23Z" duration-ms="744" status="PASS">
          <reporter-output>
          </reporter-output>
        </test-method> <!-- verifyUserAbleToLoginWithValidCred -->
        <test-method signature="verifyUserUnableToLoginWithInvalidEmail()[pri:4, instance:OrangeHRMTests.Login@3a62c01e]" started-at="2024-10-31T16:37:23Z" name="verifyUserUnableToLoginWithInvalidEmail" finished-at="2024-10-31T16:37:24Z" duration-ms="563" status="PASS">
          <reporter-output>
          </reporter-output>
        </test-method> <!-- verifyUserUnableToLoginWithInvalidEmail -->
        <test-method signature="verifyUserUnableToLoginWithInvalidPassword()[pri:5, instance:OrangeHRMTests.Login@3a62c01e]" started-at="2024-10-31T16:37:24Z" name="verifyUserUnableToLoginWithInvalidPassword" finished-at="2024-10-31T16:37:24Z" duration-ms="304" status="PASS">
          <reporter-output>
          </reporter-output>
        </test-method> <!-- verifyUserUnableToLoginWithInvalidPassword -->
        <test-method is-config="true" signature="closeBrowser()[pri:0, instance:OrangeHRMTests.Login@3a62c01e]" started-at="2024-10-31T16:37:24Z" name="closeBrowser" finished-at="2024-10-31T16:37:24Z" duration-ms="164" status="PASS">
          <reporter-output>
          </reporter-output>
        </test-method> <!-- closeBrowser -->
      </class> <!-- OrangeHRMTests.Login -->
    </test> <!-- Test -->
  </suite> <!-- Suite -->
</testng-results>
